<?xml version="1.0" encoding="UTF-8"?>
<testng-results skipped="0" failed="1" ignored="0" total="1" passed="0">
  <reporter-output>
  </reporter-output>
  <suite name="Default suite" duration-ms="82" started-at="2020-08-07T01:13:27 IST" finished-at="2020-08-07T01:13:27 IST">
    <groups>
    </groups>
    <test name="Default test" duration-ms="82" started-at="2020-08-07T01:13:27 IST" finished-at="2020-08-07T01:13:27 IST">
      <class name="com.org.crossbrowser.CrossBrowser">
        <test-method status="FAIL" signature="t1(java.lang.String)[pri:0, instance:com.org.crossbrowser.CrossBrowser@76707e36]" name="t1" duration-ms="0" started-at="2020-08-07T01:13:27 IST" finished-at="2020-08-07T01:13:27 IST">
          <exception class="org.testng.TestNGException">
            <message>
              <![CDATA[
Parameter 'browsername' is required by @Test on method t1 but has not been marked @Optional or defined
in C:\Users\VIPIN\AppData\Local\Temp\testng-eclipse--1370269236\testng-customsuite.xml]]>
            </message>
            <full-stacktrace>
              <![CDATA[org.testng.TestNGException: 
Parameter 'browsername' is required by @Test on method t1 but has not been marked @Optional or defined
in C:\Users\VIPIN\AppData\Local\Temp\testng-eclipse--1370269236\testng-customsuite.xml
at org.testng.internal.Parameters.createParams(Parameters.java:272)
at org.testng.internal.Parameters.createParametersForMethod(Parameters.java:360)
at org.testng.internal.Parameters.createParameters(Parameters.java:704)
at org.testng.internal.Parameters.handleParameters(Parameters.java:879)
at org.testng.internal.Parameters.handleParameters(Parameters.java:744)
at org.testng.internal.ParameterHandler.handleParameters(ParameterHandler.java:59)
at org.testng.internal.ParameterHandler.createParameters(ParameterHandler.java:38)
at org.testng.internal.TestInvoker$MethodInvocationAgent.invoke(TestInvoker.java:783)
at org.testng.internal.TestInvoker.invokeTestMethods(TestInvoker.java:146)
at org.testng.internal.TestMethodWorker.invokeTestMethods(TestMethodWorker.java:146)
at org.testng.internal.TestMethodWorker.run(TestMethodWorker.java:128)
at java.util.ArrayList.forEach(Unknown Source)
at org.testng.TestRunner.privateRun(TestRunner.java:766)
at org.testng.TestRunner.run(TestRunner.java:587)
at org.testng.SuiteRunner.runTest(SuiteRunner.java:384)
at org.testng.SuiteRunner.runSequentially(SuiteRunner.java:378)
at org.testng.SuiteRunner.privateRun(SuiteRunner.java:337)
at org.testng.SuiteRunner.run(SuiteRunner.java:286)
at org.testng.SuiteRunnerWorker.runSuite(SuiteRunnerWorker.java:53)
at org.testng.SuiteRunnerWorker.run(SuiteRunnerWorker.java:96)
at org.testng.TestNG.runSuitesSequentially(TestNG.java:1187)
at org.testng.TestNG.runSuitesLocally(TestNG.java:1109)
at org.testng.TestNG.runSuites(TestNG.java:1039)
at org.testng.TestNG.run(TestNG.java:1007)
at org.testng.remote.AbstractRemoteTestNG.run(AbstractRemoteTestNG.java:115)
at org.testng.remote.RemoteTestNG.initAndRun(RemoteTestNG.java:251)
at org.testng.remote.RemoteTestNG.main(RemoteTestNG.java:77)
]]>
            </full-stacktrace>
          </exception> <!-- org.testng.TestNGException -->
          <reporter-output>
          </reporter-output>
        </test-method> <!-- t1 -->
      </class> <!-- com.org.crossbrowser.CrossBrowser -->
    </test> <!-- Default test -->
  </suite> <!-- Default suite -->
</testng-results>
